<?xml version="1.0" encoding="UTF-8"?>
<!-- Generated by org.testng.reporters.JUnitReportReporter -->
<testsuite hostname="EPBYMINW3159" name="tests.MailSendTest" tests="1" failures="0" timestamp="16 Aug 2018 15:24:15 GMT" time="36.309" errors="0">
  <testcase name="mailRuMailSendingTest" time="36.309" classname="tests.MailSendTest"/>
</testsuite> <!-- tests.MailSendTest -->
