<?xml version="1.0" encoding="UTF-8"?>
<!-- Generated by org.testng.reporters.JUnitReportReporter -->
<testsuite hostname="EPBYMINW3159" name="tests.MailDeleteTest" tests="2" failures="0" timestamp="16 Aug 2018 15:24:15 GMT" time="58.535" errors="0">
  <testcase name="mailRuMailDeleteTest" time="46.415" classname="tests.MailDeleteTest"/>
  <testcase name="dragNDropMailTest" time="12.120" classname="tests.MailDeleteTest"/>
</testsuite> <!-- tests.MailDeleteTest -->
