<?xml version="1.0" encoding="UTF-8"?>
<!-- Generated by org.testng.reporters.JUnitReportReporter -->
<testsuite hostname="EPBYMINW3159" name="tests.MailCreationTest" tests="2" failures="0" timestamp="16 Aug 2018 15:24:15 GMT" time="17.328" errors="0">
  <testcase name="mailRuLoginTest" time="13.818" classname="tests.MailCreationTest"/>
  <testcase name="mailRuMailCreationTest" time="3.510" classname="tests.MailCreationTest"/>
</testsuite> <!-- tests.MailCreationTest -->
